<?xml version="1.0" encoding="UTF-8"?>
<!-- Generated by org.testng.reporters.JUnitXMLReporter -->
<testsuite ignored="0" hostname="lukesha-Lenovo-G50-70" failures="0" tests="3" name="Default test" time="90.264" errors="0" timestamp="30 Apr 2023 10:32:45 GMT">
  <testcase classname="testcases.LoginTest" name="Test4" time="27.018"/>
  <testcase classname="testcases.LoginTest" name="test1" time="26.855"/>
  <testcase classname="testcases.LoginTest" name="test2" time="19.035"/>
</testsuite> <!-- Default test -->
