<?xml version="1.0" encoding="UTF-8"?>
<testng-results ignored="0" total="3" passed="3" failed="0" skipped="0">
  <reporter-output>
  </reporter-output>
  <suite started-at="2023-04-30T10:31:15Z" name="Default suite" finished-at="2023-04-30T10:32:45Z" duration-ms="90264">
    <groups>
    </groups>
    <test started-at="2023-04-30T10:31:15Z" name="Default test" finished-at="2023-04-30T10:32:45Z" duration-ms="90264">
      <class name="testcases.LoginTest">
        <test-method is-config="true" signature="ReportSetUP()[pri:0, instance:testcases.LoginTest@54a7079e]" started-at="2023-04-30T10:31:15Z" name="ReportSetUP" finished-at="2023-04-30T10:31:16Z" duration-ms="973" status="PASS">
          <reporter-output>
          </reporter-output>
        </test-method> <!-- ReportSetUP -->
        <test-method is-config="true" signature="SetUp(java.lang.reflect.Method)[pri:0, instance:testcases.LoginTest@54a7079e]" started-at="2023-04-30T10:31:16Z" name="SetUp" finished-at="2023-04-30T10:31:21Z" duration-ms="4991" status="PASS">
          <params>
            <param index="0">
              <value>
                <![CDATA[public void testcases.LoginTest.Test4() throws com.codoid.products.exception.FilloException,java.lang.InterruptedException]]>
              </value>
            </param>
          </params>
          <reporter-output>
          </reporter-output>
        </test-method> <!-- SetUp -->
        <test-method signature="Test4()[pri:0, instance:testcases.LoginTest@54a7079e]" started-at="2023-04-30T10:31:21Z" name="Test4" finished-at="2023-04-30T10:31:48Z" duration-ms="27018" status="PASS">
          <reporter-output>
          </reporter-output>
        </test-method> <!-- Test4 -->
        <test-method is-config="true" signature="TearDown()[pri:0, instance:testcases.LoginTest@54a7079e]" started-at="2023-04-30T10:31:48Z" name="TearDown" finished-at="2023-04-30T10:31:48Z" duration-ms="217" status="PASS">
          <reporter-output>
          </reporter-output>
        </test-method> <!-- TearDown -->
        <test-method is-config="true" signature="SetUp(java.lang.reflect.Method)[pri:0, instance:testcases.LoginTest@54a7079e]" started-at="2023-04-30T10:31:48Z" name="SetUp" finished-at="2023-04-30T10:31:53Z" duration-ms="5237" status="PASS">
          <params>
            <param index="0">
              <value>
                <![CDATA[public void testcases.LoginTest.test1() throws java.lang.InterruptedException]]>
              </value>
            </param>
          </params>
          <reporter-output>
          </reporter-output>
        </test-method> <!-- SetUp -->
        <test-method signature="test1()[pri:0, instance:testcases.LoginTest@54a7079e]" started-at="2023-04-30T10:31:53Z" name="test1" finished-at="2023-04-30T10:32:20Z" duration-ms="26855" status="PASS">
          <reporter-output>
          </reporter-output>
        </test-method> <!-- test1 -->
        <test-method is-config="true" signature="TearDown()[pri:0, instance:testcases.LoginTest@54a7079e]" started-at="2023-04-30T10:32:20Z" name="TearDown" finished-at="2023-04-30T10:32:20Z" duration-ms="300" status="PASS">
          <reporter-output>
          </reporter-output>
        </test-method> <!-- TearDown -->
        <test-method is-config="true" signature="SetUp(java.lang.reflect.Method)[pri:0, instance:testcases.LoginTest@54a7079e]" started-at="2023-04-30T10:32:20Z" name="SetUp" finished-at="2023-04-30T10:32:25Z" duration-ms="4918" status="PASS">
          <params>
            <param index="0">
              <value>
                <![CDATA[public void testcases.LoginTest.test2() throws java.lang.InterruptedException]]>
              </value>
            </param>
          </params>
          <reporter-output>
          </reporter-output>
        </test-method> <!-- SetUp -->
        <test-method signature="test2()[pri:0, instance:testcases.LoginTest@54a7079e]" started-at="2023-04-30T10:32:25Z" name="test2" finished-at="2023-04-30T10:32:44Z" duration-ms="19035" status="PASS">
          <reporter-output>
          </reporter-output>
        </test-method> <!-- test2 -->
        <test-method is-config="true" signature="TearDown()[pri:0, instance:testcases.LoginTest@54a7079e]" started-at="2023-04-30T10:32:44Z" name="TearDown" finished-at="2023-04-30T10:32:44Z" duration-ms="228" status="PASS">
          <reporter-output>
          </reporter-output>
        </test-method> <!-- TearDown -->
        <test-method is-config="true" signature="ReportClean()[pri:0, instance:testcases.LoginTest@54a7079e]" started-at="2023-04-30T10:32:44Z" name="ReportClean" finished-at="2023-04-30T10:32:45Z" duration-ms="448" status="PASS">
          <reporter-output>
          </reporter-output>
        </test-method> <!-- ReportClean -->
      </class> <!-- testcases.LoginTest -->
    </test> <!-- Default test -->
  </suite> <!-- Default suite -->
</testng-results>
